<?xml version="1.0" encoding="UTF-8"?>
<testsuite name="com.kiran.hello.webapp.HelloIntegrationTest" tests="1" skipped="0" failures="0" errors="0" timestamp="2017-03-22T13:56:35" hostname="BLR-LF6BY022" time="0.671">
  <properties/>
  <testcase name="testHello" classname="com.kiran.hello.webapp.HelloIntegrationTest" time="0.671"/>
  <system-out><![CDATA[]]></system-out>
  <system-err><![CDATA[]]></system-err>
</testsuite>
